# JRE version: OpenJDK Runtime Environment (12.0.2+10) (build 12.0.2+10)
# Java VM: OpenJDK 64-Bit Server VM (12.0.2+10, mixed mode, sharing, tiered, compressed oops, g1 gc, bsd-amd64)
Heap:
 garbage-first heap   total 133120K, used 15701K [0x0000000780000000, 0x0000000800000000)
  region size 1024K, 7 young (7168K), 2 survivors (2048K)
 Metaspace       used 9801K, capacity 10138K, committed 10496K, reserved 1058816K
  class space    used 1028K, capacity 1192K, committed 1280K, reserved 1048576K
GC Heap History (8 events):
Event: 1.627 GC heap before
{Heap before GC invocations=0 (full 0):
 garbage-first heap   total 133120K, used 15072K [0x0000000780000000, 0x0000000800000000)
  region size 1024K, 14 young (14336K), 0 survivors (0K)
 Metaspace       used 7728K, capacity 8002K, committed 8192K, reserved 1056768K
  class space    used 893K, capacity 1023K, committed 1024K, reserved 1048576K
}
Event: 1.642 GC heap after
{Heap after GC invocations=1 (full 0):
 garbage-first heap   total 133120K, used 9141K [0x0000000780000000, 0x0000000800000000)
  region size 1024K, 2 young (2048K), 2 survivors (2048K)
 Metaspace       used 7728K, capacity 8002K, committed 8192K, reserved 1056768K
  class space    used 893K, capacity 1023K, committed 1024K, reserved 1048576K
}
Event: 3.767 GC heap before
{Heap before GC invocations=1 (full 0):
 garbage-first heap   total 133120K, used 13237K [0x0000000780000000, 0x0000000800000000)
  region size 1024K, 6 young (6144K), 2 survivors (2048K)
 Metaspace       used 8752K, capacity 9108K, committed 9472K, reserved 1056768K
  class space    used 996K, capacity 1157K, committed 1280K, reserved 1048576K
}
Event: 3.781 GC heap after
{Heap after GC invocations=2 (full 0):
 garbage-first heap   total 133120K, used 11448K [0x0000000780000000, 0x0000000800000000)
  region size 1024K, 1 young (1024K), 1 survivors (1024K)
 Metaspace       used 8752K, capacity 9108K, committed 9472K, reserved 1056768K
  class space    used 996K, capacity 1157K, committed 1280K, reserved 1048576K
}
Event: 25.474 GC heap before
{Heap before GC invocations=2 (full 0):
 garbage-first heap   total 133120K, used 26808K [0x0000000780000000, 0x0000000800000000)
  region size 1024K, 16 young (16384K), 1 survivors (1024K)
 Metaspace       used 9493K, capacity 9880K, committed 10240K, reserved 1058816K
  class space    used 1028K, capacity 1192K, committed 1280K, reserved 1048576K
}
Event: 25.478 GC heap after
{Heap after GC invocations=3 (full 0):
 garbage-first heap   total 133120K, used 11565K [0x0000000780000000, 0x0000000800000000)
  region size 1024K, 2 young (2048K), 2 survivors (2048K)
 Metaspace       used 9493K, capacity 9880K, committed 10240K, reserved 1058816K
  class space    used 1028K, capacity 1192K, committed 1280K, reserved 1048576K
}
Event: 92.394 GC heap before
{Heap before GC invocations=3 (full 0):
 garbage-first heap   total 133120K, used 36141K [0x0000000780000000, 0x0000000800000000)
  region size 1024K, 26 young (26624K), 2 survivors (2048K)
 Metaspace       used 9800K, capacity 10138K, committed 10496K, reserved 1058816K
  class space    used 1028K, capacity 1192K, committed 1280K, reserved 1048576K
}
Event: 92.397 GC heap after
{Heap after GC invocations=4 (full 0):
 garbage-first heap   total 133120K, used 11605K [0x0000000780000000, 0x0000000800000000)
  region size 1024K, 2 young (2048K), 2 survivors (2048K)
 Metaspace       used 9800K, capacity 10138K, committed 10496K, reserved 1058816K
  class space    used 1028K, capacity 1192K, committed 1280K, reserved 1048576K
}

