# JRE version: OpenJDK Runtime Environment (12.0.2+10) (build 12.0.2+10)
# Java VM: OpenJDK 64-Bit Server VM (12.0.2+10, mixed mode, sharing, tiered, compressed oops, g1 gc, bsd-amd64)
Heap:
 garbage-first heap   total 133120K, used 30529K [0x0000000780000000, 0x0000000800000000)
  region size 1024K, 25 young (25600K), 1 survivors (1024K)
 Metaspace       used 9128K, capacity 9497K, committed 9728K, reserved 1058816K
  class space    used 1009K, capacity 1171K, committed 1280K, reserved 1048576K
GC Heap History (10 events):
Event: 1.578 GC heap before
{Heap before GC invocations=0 (full 0):
 garbage-first heap   total 133120K, used 15072K [0x0000000780000000, 0x0000000800000000)
  region size 1024K, 14 young (14336K), 0 survivors (0K)
 Metaspace       used 8320K, capacity 8665K, committed 8832K, reserved 1056768K
  class space    used 958K, capacity 1116K, committed 1152K, reserved 1048576K
}
Event: 1.593 GC heap after
{Heap after GC invocations=1 (full 0):
 garbage-first heap   total 133120K, used 6025K [0x0000000780000000, 0x0000000800000000)
  region size 1024K, 2 young (2048K), 2 survivors (2048K)
 Metaspace       used 8320K, capacity 8665K, committed 8832K, reserved 1056768K
  class space    used 958K, capacity 1116K, committed 1152K, reserved 1048576K
}
Event: 6.101 GC heap before
{Heap before GC invocations=1 (full 0):
 garbage-first heap   total 133120K, used 12169K [0x0000000780000000, 0x0000000800000000)
  region size 1024K, 8 young (8192K), 2 survivors (2048K)
 Metaspace       used 8980K, capacity 9360K, committed 9472K, reserved 1056768K
  class space    used 1006K, capacity 1171K, committed 1280K, reserved 1048576K
}
Event: 6.110 GC heap after
{Heap after GC invocations=2 (full 0):
 garbage-first heap   total 133120K, used 7101K [0x0000000780000000, 0x0000000800000000)
  region size 1024K, 1 young (1024K), 1 survivors (1024K)
 Metaspace       used 8980K, capacity 9360K, committed 9472K, reserved 1056768K
  class space    used 1006K, capacity 1171K, committed 1280K, reserved 1048576K
}
Event: 26.088 GC heap before
{Heap before GC invocations=2 (full 0):
 garbage-first heap   total 133120K, used 26557K [0x0000000780000000, 0x0000000800000000)
  region size 1024K, 20 young (20480K), 1 survivors (1024K)
 Metaspace       used 9116K, capacity 9497K, committed 9728K, reserved 1058816K
  class space    used 1009K, capacity 1171K, committed 1280K, reserved 1048576K
}
Event: 26.090 GC heap after
{Heap after GC invocations=3 (full 0):
 garbage-first heap   total 133120K, used 6971K [0x0000000780000000, 0x0000000800000000)
  region size 1024K, 1 young (1024K), 1 survivors (1024K)
 Metaspace       used 9116K, capacity 9497K, committed 9728K, reserved 1058816K
  class space    used 1009K, capacity 1171K, committed 1280K, reserved 1048576K
}
Event: 60.944 GC heap before
{Heap before GC invocations=3 (full 0):
 garbage-first heap   total 133120K, used 38715K [0x0000000780000000, 0x0000000800000000)
  region size 1024K, 32 young (32768K), 1 survivors (1024K)
 Metaspace       used 9116K, capacity 9497K, committed 9728K, reserved 1058816K
  class space    used 1009K, capacity 1171K, committed 1280K, reserved 1048576K
}
Event: 60.946 GC heap after
{Heap after GC invocations=4 (full 0):
 garbage-first heap   total 133120K, used 6914K [0x0000000780000000, 0x0000000800000000)
  region size 1024K, 1 young (1024K), 1 survivors (1024K)
 Metaspace       used 9116K, capacity 9497K, committed 9728K, reserved 1058816K
  class space    used 1009K, capacity 1171K, committed 1280K, reserved 1048576K
}
Event: 117.803 GC heap before
{Heap before GC invocations=4 (full 0):
 garbage-first heap   total 133120K, used 57090K [0x0000000780000000, 0x0000000800000000)
  region size 1024K, 50 young (51200K), 1 survivors (1024K)
 Metaspace       used 9128K, capacity 9497K, committed 9728K, reserved 1058816K
  class space    used 1009K, capacity 1171K, committed 1280K, reserved 1048576K
}
Event: 117.804 GC heap after
{Heap after GC invocations=5 (full 0):
 garbage-first heap   total 133120K, used 6977K [0x0000000780000000, 0x0000000800000000)
  region size 1024K, 1 young (1024K), 1 survivors (1024K)
 Metaspace       used 9128K, capacity 9497K, committed 9728K, reserved 1058816K
  class space    used 1009K, capacity 1171K, committed 1280K, reserved 1048576K
}

